Running: /opt/Xilinx/14.7/ISE_DS/ISE/bin/lin64/unwrapped/fuse -intstyle ise -incremental -o /home/ise/Desktop/lab5/adder2bit_testbench_isim_beh.exe -prj /home/ise/Desktop/lab5/adder2bit_testbench_beh.prj work.adder2bit_testbench 
ISim P.20131013 (signature 0xfbc00daa)
Number of CPUs detected in this system: 1
Turning on mult-threading, number of parallel sub-compilation jobs: 0 
Determining compilation order of HDL files
Parsing VHDL file "/home/ise/Desktop/lab5/halfadder.vhd" into library work
Parsing VHDL file "/home/ise/Desktop/lab5/FULL_ADDER.vhd" into library work
Parsing VHDL file "/home/ise/Desktop/lab5/ADDER_2BIT.vhd" into library work
Parsing VHDL file "/home/ise/Desktop/lab5/adder2bit_testbench.vhd" into library work
Starting static elaboration
Completed static elaboration
Fuse Memory Usage: 95300 KB
Fuse CPU Usage: 400 ms
Compiling package standard
Compiling package std_logic_1164
Compiling architecture behavioral of entity halfadder [halfadder_default]
Compiling architecture behavioral of entity FULL_ADDER [full_adder_default]
Compiling architecture structural of entity ADDER_2BIT [adder_2bit_default]
Compiling architecture behavior of entity adder2bit_testbench
Time Resolution for simulation is 1ps.
Compiled 9 VHDL Units
Built simulation executable /home/ise/Desktop/lab5/adder2bit_testbench_isim_beh.exe
Fuse Memory Usage: 104004 KB
Fuse CPU Usage: 410 ms
GCC CPU Usage: 100 ms
