--------------------------------------------------------------------------------
Release 14.7 Trace  (lin64)
Copyright (c) 1995-2013 Xilinx, Inc.  All rights reserved.

/opt/Xilinx/14.7/ISE_DS/ISE/bin/lin64/unwrapped/trce -intstyle ise -v 3 -s 5 -n
3 -fastpaths -xml lab5module.twx lab5module.ncd -o lab5module.twr
lab5module.pcf -ucf MYUCF.ucf

Design file:              lab5module.ncd
Physical constraint file: lab5module.pcf
Device,package,speed:     xc3s100e,cp132,-5 (PRODUCTION 1.27 2013-10-13)
Report level:             verbose report

Environment Variable      Effect 
--------------------      ------ 
NONE                      No environment variables were set
--------------------------------------------------------------------------------

INFO:Timing:2698 - No timing constraints found, doing default enumeration.
INFO:Timing:3412 - To improve timing, see the Timing Closure User Guide (UG612).
INFO:Timing:2752 - To get complete path coverage, use the unconstrained paths 
   option. All paths that are not constrained will be reported in the 
   unconstrained paths section(s) of the report.
INFO:Timing:3339 - The clock-to-out numbers in this timing report are based on 
   a 50 Ohm transmission line loading model.  For the details of this model, 
   and for more information on accounting for different loading conditions, 
   please see the device datasheet.
INFO:Timing:3390 - This architecture does not support a default System Jitter 
   value, please add SYSTEM_JITTER constraint to the UCF to modify the Clock 
   Uncertainty calculation.
INFO:Timing:3389 - This architecture does not support 'Discrete Jitter' and 
   'Phase Error' calculations, these terms will be zero in the Clock 
   Uncertainty calculation.  Please make appropriate modification to 
   SYSTEM_JITTER to account for the unsupported Discrete Jitter and Phase 
   Error.



Data Sheet report:
-----------------
All values displayed in nanoseconds (ns)

Pad to Pad
---------------+---------------+---------+
Source Pad     |Destination Pad|  Delay  |
---------------+---------------+---------+
SW4_CIN        |LED_COUT       |    7.555|
SW4_CIN        |LED_RESULT<0>  |    7.032|
SW4_CIN        |LED_RESULT<1>  |    8.130|
SW_A<0>        |LED_COUT       |    8.470|
SW_A<0>        |LED_RESULT<0>  |    7.066|
SW_A<0>        |LED_RESULT<1>  |    9.045|
SW_A<1>        |LED_COUT       |    7.281|
SW_A<1>        |LED_RESULT<1>  |    7.267|
SW_B<0>        |LED_COUT       |    7.165|
SW_B<0>        |LED_RESULT<0>  |    6.497|
SW_B<0>        |LED_RESULT<1>  |    7.740|
SW_B<1>        |LED_COUT       |    8.063|
SW_B<1>        |LED_RESULT<1>  |    7.722|
---------------+---------------+---------+


Analysis completed Fri Dec  5 10:38:14 2025 
--------------------------------------------------------------------------------

Trace Settings:
-------------------------
Trace Settings 

Peak Memory Usage: 333 MB



