Command line:
   ADDER_2BIT_isim_beh.exe
     -simmode  gui
     -simrunnum  0
     -socket  40584

Fri Dec  5 13:34:40 2025


 Elaboration Time: 0.01 sec

 Current Memory Usage: 196.432 Meg

 Total Signals          : 40
 Total Nets             : 17
 Total Signal Drivers   : 12
 Total Blocks           : 8
 Total Primitive Blocks : 5
 Total Processes        : 12
 Total Traceable Variables  : 8
 Total Scalar Nets and Variables : 377
Total Line Count : 12

 Total Simulation Time: 0.01 sec

 Current Memory Usage: 274.031 Meg

Fri Dec  5 13:34:43 2025

